<?xml version="1.0" encoding="UTF-8"?>
<!-- Generated by org.testng.reporters.JUnitReportReporter -->
<testsuite skipped="0" hostname="HDC2-D-BJQ8T72" name="CaseStudy1.study1.OnlineShoppingTest" tests="4" failures="0" timestamp="29 Oct 2019 06:54:38 GMT" time="54.395" errors="0">
  <testcase name="testRegistration" time="36.054" classname="CaseStudy1.study1.OnlineShoppingTest"/>
  <testcase name="testLogin" time="0.595" classname="CaseStudy1.study1.OnlineShoppingTest"/>
  <testcase name="testCart" time="4.443" classname="CaseStudy1.study1.OnlineShoppingTest"/>
  <testcase name="testPayment" time="13.303" classname="CaseStudy1.study1.OnlineShoppingTest"/>
</testsuite> <!-- CaseStudy1.study1.OnlineShoppingTest -->
